# JRE version: Java(TM) SE Runtime Environment (8.0_51-b16) (build 1.8.0_51-b16)
# Java VM: Java HotSpot(TM) 64-Bit Server VM (25.51-b03 mixed mode bsd-amd64 compressed oops)
Heap:
 PSYoungGen      total 286208K, used 183465K [0x00000007aab00000, 0x00000007c0000000, 0x00000007c0000000)
  eden space 220672K, 72% used [0x00000007aab00000,0x00000007b46c3090,0x00000007b8280000)
  from space 65536K, 36% used [0x00000007bc000000,0x00000007bd7673f8,0x00000007c0000000)
  to   space 62976K, 0% used [0x00000007b8280000,0x00000007b8280000,0x00000007bc000000)
 ParOldGen       total 699392K, used 62040K [0x0000000780000000, 0x00000007aab00000, 0x00000007aab00000)
  object space 699392K, 8% used [0x0000000780000000,0x0000000783c96378,0x00000007aab00000)
 Metaspace       used 95247K, capacity 96182K, committed 96640K, reserved 1130496K
  class space    used 16112K, capacity 16398K, committed 16512K, reserved 1048576K
GC Heap History (10 events):
Event: 16.978 GC heap before
{Heap before GC invocations=5 (full 0):
 PSYoungGen      total 305664K, used 245566K [0x00000007aab00000, 0x00000007c0000000, 0x00000007c0000000)
  eden space 262144K, 77% used [0x00000007aab00000,0x00000007b712c6d8,0x00000007bab00000)
  from space 43520K, 97% used [0x00000007bd580000,0x00000007bff231c8,0x00000007c0000000)
  to   space 43520K, 0% used [0x00000007bab00000,0x00000007bab00000,0x00000007bd580000)
 ParOldGen       total 699392K, used 40K [0x0000000780000000, 0x00000007aab00000, 0x00000007aab00000)
  object space 699392K, 0% used [0x0000000780000000,0x000000078000a000,0x00000007aab00000)
 Metaspace       used 64735K, capacity 65464K, committed 65536K, reserved 1101824K
  class space    used 11998K, capacity 12229K, committed 12288K, reserved 1048576K
Event: 17.064 GC heap after
Heap after GC invocations=5 (full 0):
 PSYoungGen      total 305664K, used 43507K [0x00000007aab00000, 0x00000007c0000000, 0x00000007c0000000)
  eden space 262144K, 0% used [0x00000007aab00000,0x00000007aab00000,0x00000007bab00000)
  from space 43520K, 99% used [0x00000007bab00000,0x00000007bd57cf88,0x00000007bd580000)
  to   space 43520K, 0% used [0x00000007bd580000,0x00000007bd580000,0x00000007c0000000)
 ParOldGen       total 699392K, used 19355K [0x0000000780000000, 0x00000007aab00000, 0x00000007aab00000)
  object space 699392K, 2% used [0x0000000780000000,0x00000007812e6ee0,0x00000007aab00000)
 Metaspace       used 64735K, capacity 65464K, committed 65536K, reserved 1101824K
  class space    used 11998K, capacity 12229K, committed 12288K, reserved 1048576K
}
Event: 17.064 GC heap before
{Heap before GC invocations=6 (full 1):
 PSYoungGen      total 305664K, used 43507K [0x00000007aab00000, 0x00000007c0000000, 0x00000007c0000000)
  eden space 262144K, 0% used [0x00000007aab00000,0x00000007aab00000,0x00000007bab00000)
  from space 43520K, 99% used [0x00000007bab00000,0x00000007bd57cf88,0x00000007bd580000)
  to   space 43520K, 0% used [0x00000007bd580000,0x00000007bd580000,0x00000007c0000000)
 ParOldGen       total 699392K, used 19355K [0x0000000780000000, 0x00000007aab00000, 0x00000007aab00000)
  object space 699392K, 2% used [0x0000000780000000,0x00000007812e6ee0,0x00000007aab00000)
 Metaspace       used 64735K, capacity 65464K, committed 65536K, reserved 1101824K
  class space    used 11998K, capacity 12229K, committed 12288K, reserved 1048576K
Event: 17.378 GC heap after
Heap after GC invocations=6 (full 1):
 PSYoungGen      total 305664K, used 0K [0x00000007aab00000, 0x00000007c0000000, 0x00000007c0000000)
  eden space 262144K, 0% used [0x00000007aab00000,0x00000007aab00000,0x00000007bab00000)
  from space 43520K, 0% used [0x00000007bab00000,0x00000007bab00000,0x00000007bd580000)
  to   space 43520K, 0% used [0x00000007bd580000,0x00000007bd580000,0x00000007c0000000)
 ParOldGen       total 699392K, used 62016K [0x0000000780000000, 0x00000007aab00000, 0x00000007aab00000)
  object space 699392K, 8% used [0x0000000780000000,0x0000000783c90378,0x00000007aab00000)
 Metaspace       used 64648K, capacity 65312K, committed 65536K, reserved 1101824K
  class space    used 11976K, capacity 12181K, committed 12288K, reserved 1048576K
}
Event: 34.574 GC heap before
{Heap before GC invocations=7 (full 1):
 PSYoungGen      total 305664K, used 262144K [0x00000007aab00000, 0x00000007c0000000, 0x00000007c0000000)
  eden space 262144K, 100% used [0x00000007aab00000,0x00000007bab00000,0x00000007bab00000)
  from space 43520K, 0% used [0x00000007bab00000,0x00000007bab00000,0x00000007bd580000)
  to   space 43520K, 0% used [0x00000007bd580000,0x00000007bd580000,0x00000007c0000000)
 ParOldGen       total 699392K, used 62016K [0x0000000780000000, 0x00000007aab00000, 0x00000007aab00000)
  object space 699392K, 8% used [0x0000000780000000,0x0000000783c90378,0x00000007aab00000)
 Metaspace       used 71278K, capacity 71948K, committed 72192K, reserved 1107968K
  class space    used 13020K, capacity 13239K, committed 13312K, reserved 1048576K
Event: 34.605 GC heap after
Heap after GC invocations=7 (full 1):
 PSYoungGen      total 261632K, used 16776K [0x00000007aab00000, 0x00000007c0000000, 0x00000007c0000000)
  eden space 218112K, 0% used [0x00000007aab00000,0x00000007aab00000,0x00000007b8000000)
  from space 43520K, 38% used [0x00000007bd580000,0x00000007be5e2360,0x00000007c0000000)
  to   space 65536K, 0% used [0x00000007b8000000,0x00000007b8000000,0x00000007bc000000)
 ParOldGen       total 699392K, used 62024K [0x0000000780000000, 0x00000007aab00000, 0x00000007aab00000)
  object space 699392K, 8% used [0x0000000780000000,0x0000000783c92378,0x00000007aab00000)
 Metaspace       used 71278K, capacity 71948K, committed 72192K, reserved 1107968K
  class space    used 13020K, capacity 13239K, committed 13312K, reserved 1048576K
}
Event: 36.630 GC heap before
{Heap before GC invocations=8 (full 1):
 PSYoungGen      total 261632K, used 234888K [0x00000007aab00000, 0x00000007c0000000, 0x00000007c0000000)
  eden space 218112K, 100% used [0x00000007aab00000,0x00000007b8000000,0x00000007b8000000)
  from space 43520K, 38% used [0x00000007bd580000,0x00000007be5e2360,0x00000007c0000000)
  to   space 65536K, 0% used [0x00000007b8000000,0x00000007b8000000,0x00000007bc000000)
 ParOldGen       total 699392K, used 62024K [0x0000000780000000, 0x00000007aab00000, 0x00000007aab00000)
  object space 699392K, 8% used [0x0000000780000000,0x0000000783c92378,0x00000007aab00000)
 Metaspace       used 76687K, capacity 77420K, committed 77824K, reserved 1114112K
  class space    used 13767K, capacity 13994K, committed 14080K, reserved 1048576K
Event: 36.649 GC heap after
Heap after GC invocations=8 (full 1):
 PSYoungGen      total 283648K, used 15109K [0x00000007aab00000, 0x00000007c0000000, 0x00000007c0000000)
  eden space 218112K, 0% used [0x00000007aab00000,0x00000007aab00000,0x00000007b8000000)
  from space 65536K, 23% used [0x00000007b8000000,0x00000007b8ec14e0,0x00000007bc000000)
  to   space 65536K, 0% used [0x00000007bc000000,0x00000007bc000000,0x00000007c0000000)
 ParOldGen       total 699392K, used 62032K [0x0000000780000000, 0x00000007aab00000, 0x00000007aab00000)
  object space 699392K, 8% used [0x0000000780000000,0x0000000783c94378,0x00000007aab00000)
 Metaspace       used 76687K, capacity 77420K, committed 77824K, reserved 1114112K
  class space    used 13767K, capacity 13994K, committed 14080K, reserved 1048576K
}
Event: 103.366 GC heap before
{Heap before GC invocations=9 (full 1):
 PSYoungGen      total 283648K, used 233221K [0x00000007aab00000, 0x00000007c0000000, 0x00000007c0000000)
  eden space 218112K, 100% used [0x00000007aab00000,0x00000007b8000000,0x00000007b8000000)
  from space 65536K, 23% used [0x00000007b8000000,0x00000007b8ec14e0,0x00000007bc000000)
  to   space 65536K, 0% used [0x00000007bc000000,0x00000007bc000000,0x00000007c0000000)
 ParOldGen       total 699392K, used 62032K [0x0000000780000000, 0x00000007aab00000, 0x00000007aab00000)
  object space 699392K, 8% used [0x0000000780000000,0x0000000783c94378,0x00000007aab00000)
 Metaspace       used 94568K, capacity 95466K, committed 95872K, reserved 1128448K
  class space    used 16108K, capacity 16396K, committed 16512K, reserved 1048576K
Event: 103.399 GC heap after
Heap after GC invocations=9 (full 1):
 PSYoungGen      total 286208K, used 23964K [0x00000007aab00000, 0x00000007c0000000, 0x00000007c0000000)
  eden space 220672K, 0% used [0x00000007aab00000,0x00000007aab00000,0x00000007b8280000)
  from space 65536K, 36% used [0x00000007bc000000,0x00000007bd7673f8,0x00000007c0000000)
  to   space 62976K, 0% used [0x00000007b8280000,0x00000007b8280000,0x00000007bc000000)
 ParOldGen       total 699392K, used 62040K [0x0000000780000000, 0x00000007aab00000, 0x00000007aab00000)
  object space 699392K, 8% used [0x0000000780000000,0x0000000783c96378,0x00000007aab00000)
 Metaspace       used 94568K, capacity 95466K, committed 95872K, reserved 1128448K
  class space    used 16108K, capacity 16396K, committed 16512K, reserved 1048576K
}

